Linked: (/home/abril/catkin_ws/devel/.private/movement_primitives/lib/movement_primitives/tphsmm_query_listener.py, /home/abril/catkin_ws/devel/lib/movement_primitives/tphsmm_query_listener.py)
Linked: (/home/abril/catkin_ws/devel/.private/movement_primitives/lib/movement_primitives/tphsmm_train_caller.py, /home/abril/catkin_ws/devel/lib/movement_primitives/tphsmm_train_caller.py)
Linked: (/home/abril/catkin_ws/devel/.private/movement_primitives/lib/movement_primitives/promp_train_listener.py, /home/abril/catkin_ws/devel/lib/movement_primitives/promp_train_listener.py)
Linked: (/home/abril/catkin_ws/devel/.private/movement_primitives/lib/movement_primitives/promp_query_caller.py, /home/abril/catkin_ws/devel/lib/movement_primitives/promp_query_caller.py)
Linked: (/home/abril/catkin_ws/devel/.private/movement_primitives/lib/movement_primitives/promp_train_caller.py, /home/abril/catkin_ws/devel/lib/movement_primitives/promp_train_caller.py)
Linked: (/home/abril/catkin_ws/devel/.private/movement_primitives/lib/movement_primitives/inter_promp_train_py2.py, /home/abril/catkin_ws/devel/lib/movement_primitives/inter_promp_train_py2.py)
Linked: (/home/abril/catkin_ws/devel/.private/movement_primitives/lib/movement_primitives/promp_query_listener.py, /home/abril/catkin_ws/devel/lib/movement_primitives/promp_query_listener.py)
Linked: (/home/abril/catkin_ws/devel/.private/movement_primitives/lib/movement_primitives/tphsmm_query_caller.py, /home/abril/catkin_ws/devel/lib/movement_primitives/tphsmm_query_caller.py)
Linked: (/home/abril/catkin_ws/devel/.private/movement_primitives/lib/movement_primitives/cmake.lock, /home/abril/catkin_ws/devel/lib/movement_primitives/cmake.lock)
Linked: (/home/abril/catkin_ws/devel/.private/movement_primitives/lib/movement_primitives/tphsmm_train_listener.py, /home/abril/catkin_ws/devel/lib/movement_primitives/tphsmm_train_listener.py)
Linked: (/home/abril/catkin_ws/devel/.private/movement_primitives/lib/movement_primitives/tphsmm_v2.py, /home/abril/catkin_ws/devel/lib/movement_primitives/tphsmm_v2.py)
Linked: (/home/abril/catkin_ws/devel/.private/movement_primitives/lib/pkgconfig/movement_primitives.pc, /home/abril/catkin_ws/devel/lib/pkgconfig/movement_primitives.pc)
Linked: (/home/abril/catkin_ws/devel/.private/movement_primitives/lib/python3/dist-packages/movement_primitives/__init__.py, /home/abril/catkin_ws/devel/lib/python3/dist-packages/movement_primitives/__init__.py)
Linked: (/home/abril/catkin_ws/devel/.private/movement_primitives/lib/python3/dist-packages/movement_primitives/srv/_PrompTrain.py, /home/abril/catkin_ws/devel/lib/python3/dist-packages/movement_primitives/srv/_PrompTrain.py)
Linked: (/home/abril/catkin_ws/devel/.private/movement_primitives/lib/python3/dist-packages/movement_primitives/srv/__init__.py, /home/abril/catkin_ws/devel/lib/python3/dist-packages/movement_primitives/srv/__init__.py)
Linked: (/home/abril/catkin_ws/devel/.private/movement_primitives/lib/python3/dist-packages/movement_primitives/msg/_RobotTraj.py, /home/abril/catkin_ws/devel/lib/python3/dist-packages/movement_primitives/msg/_RobotTraj.py)
Linked: (/home/abril/catkin_ws/devel/.private/movement_primitives/lib/python3/dist-packages/movement_primitives/msg/_TPHSMMQueryTrigger.py, /home/abril/catkin_ws/devel/lib/python3/dist-packages/movement_primitives/msg/_TPHSMMQueryTrigger.py)
Linked: (/home/abril/catkin_ws/devel/.private/movement_primitives/lib/python3/dist-packages/movement_primitives/msg/_TPHSMMTrainMsg.py, /home/abril/catkin_ws/devel/lib/python3/dist-packages/movement_primitives/msg/_TPHSMMTrainMsg.py)
Linked: (/home/abril/catkin_ws/devel/.private/movement_primitives/lib/python3/dist-packages/movement_primitives/msg/_PrompTrainMsg.py, /home/abril/catkin_ws/devel/lib/python3/dist-packages/movement_primitives/msg/_PrompTrainMsg.py)
Linked: (/home/abril/catkin_ws/devel/.private/movement_primitives/lib/python3/dist-packages/movement_primitives/msg/__init__.py, /home/abril/catkin_ws/devel/lib/python3/dist-packages/movement_primitives/msg/__init__.py)
Linked: (/home/abril/catkin_ws/devel/.private/movement_primitives/lib/python3/dist-packages/movement_primitives/msg/_PrompQueryTrigger.py, /home/abril/catkin_ws/devel/lib/python3/dist-packages/movement_primitives/msg/_PrompQueryTrigger.py)
Linked: (/home/abril/catkin_ws/devel/.private/movement_primitives/share/common-lisp/ros/movement_primitives/srv/PrompTrain.lisp, /home/abril/catkin_ws/devel/share/common-lisp/ros/movement_primitives/srv/PrompTrain.lisp)
Linked: (/home/abril/catkin_ws/devel/.private/movement_primitives/share/common-lisp/ros/movement_primitives/srv/_package_PrompTrain.lisp, /home/abril/catkin_ws/devel/share/common-lisp/ros/movement_primitives/srv/_package_PrompTrain.lisp)
Linked: (/home/abril/catkin_ws/devel/.private/movement_primitives/share/common-lisp/ros/movement_primitives/srv/_package.lisp, /home/abril/catkin_ws/devel/share/common-lisp/ros/movement_primitives/srv/_package.lisp)
Linked: (/home/abril/catkin_ws/devel/.private/movement_primitives/share/common-lisp/ros/movement_primitives/srv/movement_primitives-srv.asd, /home/abril/catkin_ws/devel/share/common-lisp/ros/movement_primitives/srv/movement_primitives-srv.asd)
Linked: (/home/abril/catkin_ws/devel/.private/movement_primitives/share/common-lisp/ros/movement_primitives/msg/_package_PrompTrainMsg.lisp, /home/abril/catkin_ws/devel/share/common-lisp/ros/movement_primitives/msg/_package_PrompTrainMsg.lisp)
Linked: (/home/abril/catkin_ws/devel/.private/movement_primitives/share/common-lisp/ros/movement_primitives/msg/_package_TPHSMMQueryTrigger.lisp, /home/abril/catkin_ws/devel/share/common-lisp/ros/movement_primitives/msg/_package_TPHSMMQueryTrigger.lisp)
Linked: (/home/abril/catkin_ws/devel/.private/movement_primitives/share/common-lisp/ros/movement_primitives/msg/PrompTrainMsg.lisp, /home/abril/catkin_ws/devel/share/common-lisp/ros/movement_primitives/msg/PrompTrainMsg.lisp)
Linked: (/home/abril/catkin_ws/devel/.private/movement_primitives/share/common-lisp/ros/movement_primitives/msg/RobotTraj.lisp, /home/abril/catkin_ws/devel/share/common-lisp/ros/movement_primitives/msg/RobotTraj.lisp)
Linked: (/home/abril/catkin_ws/devel/.private/movement_primitives/share/common-lisp/ros/movement_primitives/msg/_package_RobotTraj.lisp, /home/abril/catkin_ws/devel/share/common-lisp/ros/movement_primitives/msg/_package_RobotTraj.lisp)
Linked: (/home/abril/catkin_ws/devel/.private/movement_primitives/share/common-lisp/ros/movement_primitives/msg/_package_TPHSMMTrainMsg.lisp, /home/abril/catkin_ws/devel/share/common-lisp/ros/movement_primitives/msg/_package_TPHSMMTrainMsg.lisp)
Linked: (/home/abril/catkin_ws/devel/.private/movement_primitives/share/common-lisp/ros/movement_primitives/msg/_package.lisp, /home/abril/catkin_ws/devel/share/common-lisp/ros/movement_primitives/msg/_package.lisp)
Linked: (/home/abril/catkin_ws/devel/.private/movement_primitives/share/common-lisp/ros/movement_primitives/msg/_package_PrompQueryTrigger.lisp, /home/abril/catkin_ws/devel/share/common-lisp/ros/movement_primitives/msg/_package_PrompQueryTrigger.lisp)
Linked: (/home/abril/catkin_ws/devel/.private/movement_primitives/share/common-lisp/ros/movement_primitives/msg/PrompQueryTrigger.lisp, /home/abril/catkin_ws/devel/share/common-lisp/ros/movement_primitives/msg/PrompQueryTrigger.lisp)
Linked: (/home/abril/catkin_ws/devel/.private/movement_primitives/share/common-lisp/ros/movement_primitives/msg/TPHSMMQueryTrigger.lisp, /home/abril/catkin_ws/devel/share/common-lisp/ros/movement_primitives/msg/TPHSMMQueryTrigger.lisp)
Linked: (/home/abril/catkin_ws/devel/.private/movement_primitives/share/common-lisp/ros/movement_primitives/msg/TPHSMMTrainMsg.lisp, /home/abril/catkin_ws/devel/share/common-lisp/ros/movement_primitives/msg/TPHSMMTrainMsg.lisp)
Linked: (/home/abril/catkin_ws/devel/.private/movement_primitives/share/common-lisp/ros/movement_primitives/msg/movement_primitives-msg.asd, /home/abril/catkin_ws/devel/share/common-lisp/ros/movement_primitives/msg/movement_primitives-msg.asd)
Linked: (/home/abril/catkin_ws/devel/.private/movement_primitives/share/movement_primitives/cmake/movement_primitivesConfig-version.cmake, /home/abril/catkin_ws/devel/share/movement_primitives/cmake/movement_primitivesConfig-version.cmake)
Linked: (/home/abril/catkin_ws/devel/.private/movement_primitives/share/movement_primitives/cmake/movement_primitives-msg-paths.cmake, /home/abril/catkin_ws/devel/share/movement_primitives/cmake/movement_primitives-msg-paths.cmake)
Linked: (/home/abril/catkin_ws/devel/.private/movement_primitives/share/movement_primitives/cmake/movement_primitivesConfig.cmake, /home/abril/catkin_ws/devel/share/movement_primitives/cmake/movement_primitivesConfig.cmake)
Linked: (/home/abril/catkin_ws/devel/.private/movement_primitives/share/movement_primitives/cmake/movement_primitives-msg-extras.cmake, /home/abril/catkin_ws/devel/share/movement_primitives/cmake/movement_primitives-msg-extras.cmake)
Linked: (/home/abril/catkin_ws/devel/.private/movement_primitives/share/gennodejs/ros/movement_primitives/_index.js, /home/abril/catkin_ws/devel/share/gennodejs/ros/movement_primitives/_index.js)
Linked: (/home/abril/catkin_ws/devel/.private/movement_primitives/share/gennodejs/ros/movement_primitives/srv/PrompTrain.js, /home/abril/catkin_ws/devel/share/gennodejs/ros/movement_primitives/srv/PrompTrain.js)
Linked: (/home/abril/catkin_ws/devel/.private/movement_primitives/share/gennodejs/ros/movement_primitives/srv/_index.js, /home/abril/catkin_ws/devel/share/gennodejs/ros/movement_primitives/srv/_index.js)
Linked: (/home/abril/catkin_ws/devel/.private/movement_primitives/share/gennodejs/ros/movement_primitives/msg/_index.js, /home/abril/catkin_ws/devel/share/gennodejs/ros/movement_primitives/msg/_index.js)
Linked: (/home/abril/catkin_ws/devel/.private/movement_primitives/share/gennodejs/ros/movement_primitives/msg/PrompQueryTrigger.js, /home/abril/catkin_ws/devel/share/gennodejs/ros/movement_primitives/msg/PrompQueryTrigger.js)
Linked: (/home/abril/catkin_ws/devel/.private/movement_primitives/share/gennodejs/ros/movement_primitives/msg/TPHSMMTrainMsg.js, /home/abril/catkin_ws/devel/share/gennodejs/ros/movement_primitives/msg/TPHSMMTrainMsg.js)
Linked: (/home/abril/catkin_ws/devel/.private/movement_primitives/share/gennodejs/ros/movement_primitives/msg/RobotTraj.js, /home/abril/catkin_ws/devel/share/gennodejs/ros/movement_primitives/msg/RobotTraj.js)
Linked: (/home/abril/catkin_ws/devel/.private/movement_primitives/share/gennodejs/ros/movement_primitives/msg/TPHSMMQueryTrigger.js, /home/abril/catkin_ws/devel/share/gennodejs/ros/movement_primitives/msg/TPHSMMQueryTrigger.js)
Linked: (/home/abril/catkin_ws/devel/.private/movement_primitives/share/gennodejs/ros/movement_primitives/msg/PrompTrainMsg.js, /home/abril/catkin_ws/devel/share/gennodejs/ros/movement_primitives/msg/PrompTrainMsg.js)
Linked: (/home/abril/catkin_ws/devel/.private/movement_primitives/share/roseus/ros/movement_primitives/manifest.l, /home/abril/catkin_ws/devel/share/roseus/ros/movement_primitives/manifest.l)
Linked: (/home/abril/catkin_ws/devel/.private/movement_primitives/share/roseus/ros/movement_primitives/srv/PrompTrain.l, /home/abril/catkin_ws/devel/share/roseus/ros/movement_primitives/srv/PrompTrain.l)
Linked: (/home/abril/catkin_ws/devel/.private/movement_primitives/share/roseus/ros/movement_primitives/msg/PrompTrainMsg.l, /home/abril/catkin_ws/devel/share/roseus/ros/movement_primitives/msg/PrompTrainMsg.l)
Linked: (/home/abril/catkin_ws/devel/.private/movement_primitives/share/roseus/ros/movement_primitives/msg/RobotTraj.l, /home/abril/catkin_ws/devel/share/roseus/ros/movement_primitives/msg/RobotTraj.l)
Linked: (/home/abril/catkin_ws/devel/.private/movement_primitives/share/roseus/ros/movement_primitives/msg/TPHSMMQueryTrigger.l, /home/abril/catkin_ws/devel/share/roseus/ros/movement_primitives/msg/TPHSMMQueryTrigger.l)
Linked: (/home/abril/catkin_ws/devel/.private/movement_primitives/share/roseus/ros/movement_primitives/msg/PrompQueryTrigger.l, /home/abril/catkin_ws/devel/share/roseus/ros/movement_primitives/msg/PrompQueryTrigger.l)
Linked: (/home/abril/catkin_ws/devel/.private/movement_primitives/share/roseus/ros/movement_primitives/msg/TPHSMMTrainMsg.l, /home/abril/catkin_ws/devel/share/roseus/ros/movement_primitives/msg/TPHSMMTrainMsg.l)
Linked: (/home/abril/catkin_ws/devel/.private/movement_primitives/include/movement_primitives/PrompTrainRequest.h, /home/abril/catkin_ws/devel/include/movement_primitives/PrompTrainRequest.h)
Linked: (/home/abril/catkin_ws/devel/.private/movement_primitives/include/movement_primitives/RobotTraj.h, /home/abril/catkin_ws/devel/include/movement_primitives/RobotTraj.h)
Linked: (/home/abril/catkin_ws/devel/.private/movement_primitives/include/movement_primitives/PrompTrainMsg.h, /home/abril/catkin_ws/devel/include/movement_primitives/PrompTrainMsg.h)
Linked: (/home/abril/catkin_ws/devel/.private/movement_primitives/include/movement_primitives/PrompTrainResponse.h, /home/abril/catkin_ws/devel/include/movement_primitives/PrompTrainResponse.h)
Linked: (/home/abril/catkin_ws/devel/.private/movement_primitives/include/movement_primitives/TPHSMMTrainMsg.h, /home/abril/catkin_ws/devel/include/movement_primitives/TPHSMMTrainMsg.h)
Linked: (/home/abril/catkin_ws/devel/.private/movement_primitives/include/movement_primitives/PrompTrain.h, /home/abril/catkin_ws/devel/include/movement_primitives/PrompTrain.h)
Linked: (/home/abril/catkin_ws/devel/.private/movement_primitives/include/movement_primitives/PrompQueryTrigger.h, /home/abril/catkin_ws/devel/include/movement_primitives/PrompQueryTrigger.h)
Linked: (/home/abril/catkin_ws/devel/.private/movement_primitives/include/movement_primitives/TPHSMMQueryTrigger.h, /home/abril/catkin_ws/devel/include/movement_primitives/TPHSMMQueryTrigger.h)
