Symlinking /home/abril/catkin_ws/devel/lib/movement_primitives/tphsmm_query_listener.py
Symlinking /home/abril/catkin_ws/devel/lib/movement_primitives/tphsmm_train_caller.py
Symlinking /home/abril/catkin_ws/devel/lib/movement_primitives/promp_train_listener.py
Symlinking /home/abril/catkin_ws/devel/lib/movement_primitives/promp_query_caller.py
Symlinking /home/abril/catkin_ws/devel/lib/movement_primitives/promp_train_caller.py
Symlinking /home/abril/catkin_ws/devel/lib/movement_primitives/inter_promp_train_py2.py
Symlinking /home/abril/catkin_ws/devel/lib/movement_primitives/promp_query_listener.py
Symlinking /home/abril/catkin_ws/devel/lib/movement_primitives/tphsmm_query_caller.py
Symlinking /home/abril/catkin_ws/devel/lib/movement_primitives/cmake.lock
Symlinking /home/abril/catkin_ws/devel/lib/movement_primitives/tphsmm_train_listener.py
Symlinking /home/abril/catkin_ws/devel/lib/movement_primitives/tphsmm_v2.py
Symlinking /home/abril/catkin_ws/devel/lib/pkgconfig/movement_primitives.pc
Symlinking /home/abril/catkin_ws/devel/lib/python3/dist-packages/movement_primitives/__init__.py
Symlinking /home/abril/catkin_ws/devel/lib/python3/dist-packages/movement_primitives/srv/_PrompTrain.py
Symlinking /home/abril/catkin_ws/devel/lib/python3/dist-packages/movement_primitives/srv/__init__.py
Symlinking /home/abril/catkin_ws/devel/lib/python3/dist-packages/movement_primitives/msg/_RobotTraj.py
Symlinking /home/abril/catkin_ws/devel/lib/python3/dist-packages/movement_primitives/msg/_TPHSMMQueryTrigger.py
Symlinking /home/abril/catkin_ws/devel/lib/python3/dist-packages/movement_primitives/msg/_TPHSMMTrainMsg.py
Symlinking /home/abril/catkin_ws/devel/lib/python3/dist-packages/movement_primitives/msg/_PrompTrainMsg.py
Symlinking /home/abril/catkin_ws/devel/lib/python3/dist-packages/movement_primitives/msg/__init__.py
Symlinking /home/abril/catkin_ws/devel/lib/python3/dist-packages/movement_primitives/msg/_PrompQueryTrigger.py
Symlinking /home/abril/catkin_ws/devel/share/common-lisp/ros/movement_primitives/srv/PrompTrain.lisp
Symlinking /home/abril/catkin_ws/devel/share/common-lisp/ros/movement_primitives/srv/_package_PrompTrain.lisp
Symlinking /home/abril/catkin_ws/devel/share/common-lisp/ros/movement_primitives/srv/_package.lisp
Symlinking /home/abril/catkin_ws/devel/share/common-lisp/ros/movement_primitives/srv/movement_primitives-srv.asd
Symlinking /home/abril/catkin_ws/devel/share/common-lisp/ros/movement_primitives/msg/_package_PrompTrainMsg.lisp
Symlinking /home/abril/catkin_ws/devel/share/common-lisp/ros/movement_primitives/msg/_package_TPHSMMQueryTrigger.lisp
Symlinking /home/abril/catkin_ws/devel/share/common-lisp/ros/movement_primitives/msg/PrompTrainMsg.lisp
Symlinking /home/abril/catkin_ws/devel/share/common-lisp/ros/movement_primitives/msg/RobotTraj.lisp
Symlinking /home/abril/catkin_ws/devel/share/common-lisp/ros/movement_primitives/msg/_package_RobotTraj.lisp
Symlinking /home/abril/catkin_ws/devel/share/common-lisp/ros/movement_primitives/msg/_package_TPHSMMTrainMsg.lisp
Symlinking /home/abril/catkin_ws/devel/share/common-lisp/ros/movement_primitives/msg/_package.lisp
Symlinking /home/abril/catkin_ws/devel/share/common-lisp/ros/movement_primitives/msg/_package_PrompQueryTrigger.lisp
Symlinking /home/abril/catkin_ws/devel/share/common-lisp/ros/movement_primitives/msg/PrompQueryTrigger.lisp
Symlinking /home/abril/catkin_ws/devel/share/common-lisp/ros/movement_primitives/msg/TPHSMMQueryTrigger.lisp
Symlinking /home/abril/catkin_ws/devel/share/common-lisp/ros/movement_primitives/msg/TPHSMMTrainMsg.lisp
Symlinking /home/abril/catkin_ws/devel/share/common-lisp/ros/movement_primitives/msg/movement_primitives-msg.asd
Symlinking /home/abril/catkin_ws/devel/share/movement_primitives/cmake/movement_primitivesConfig-version.cmake
Symlinking /home/abril/catkin_ws/devel/share/movement_primitives/cmake/movement_primitives-msg-paths.cmake
Symlinking /home/abril/catkin_ws/devel/share/movement_primitives/cmake/movement_primitivesConfig.cmake
Symlinking /home/abril/catkin_ws/devel/share/movement_primitives/cmake/movement_primitives-msg-extras.cmake
Symlinking /home/abril/catkin_ws/devel/share/gennodejs/ros/movement_primitives/_index.js
Symlinking /home/abril/catkin_ws/devel/share/gennodejs/ros/movement_primitives/srv/PrompTrain.js
Symlinking /home/abril/catkin_ws/devel/share/gennodejs/ros/movement_primitives/srv/_index.js
Symlinking /home/abril/catkin_ws/devel/share/gennodejs/ros/movement_primitives/msg/_index.js
Symlinking /home/abril/catkin_ws/devel/share/gennodejs/ros/movement_primitives/msg/PrompQueryTrigger.js
Symlinking /home/abril/catkin_ws/devel/share/gennodejs/ros/movement_primitives/msg/TPHSMMTrainMsg.js
Symlinking /home/abril/catkin_ws/devel/share/gennodejs/ros/movement_primitives/msg/RobotTraj.js
Symlinking /home/abril/catkin_ws/devel/share/gennodejs/ros/movement_primitives/msg/TPHSMMQueryTrigger.js
Symlinking /home/abril/catkin_ws/devel/share/gennodejs/ros/movement_primitives/msg/PrompTrainMsg.js
Symlinking /home/abril/catkin_ws/devel/share/roseus/ros/movement_primitives/manifest.l
Symlinking /home/abril/catkin_ws/devel/share/roseus/ros/movement_primitives/srv/PrompTrain.l
Symlinking /home/abril/catkin_ws/devel/share/roseus/ros/movement_primitives/msg/PrompTrainMsg.l
Symlinking /home/abril/catkin_ws/devel/share/roseus/ros/movement_primitives/msg/RobotTraj.l
Symlinking /home/abril/catkin_ws/devel/share/roseus/ros/movement_primitives/msg/TPHSMMQueryTrigger.l
Symlinking /home/abril/catkin_ws/devel/share/roseus/ros/movement_primitives/msg/PrompQueryTrigger.l
Symlinking /home/abril/catkin_ws/devel/share/roseus/ros/movement_primitives/msg/TPHSMMTrainMsg.l
Symlinking /home/abril/catkin_ws/devel/include/movement_primitives/PrompTrainRequest.h
Symlinking /home/abril/catkin_ws/devel/include/movement_primitives/RobotTraj.h
Symlinking /home/abril/catkin_ws/devel/include/movement_primitives/PrompTrainMsg.h
Symlinking /home/abril/catkin_ws/devel/include/movement_primitives/PrompTrainResponse.h
Symlinking /home/abril/catkin_ws/devel/include/movement_primitives/TPHSMMTrainMsg.h
Symlinking /home/abril/catkin_ws/devel/include/movement_primitives/PrompTrain.h
Symlinking /home/abril/catkin_ws/devel/include/movement_primitives/PrompQueryTrigger.h
Symlinking /home/abril/catkin_ws/devel/include/movement_primitives/TPHSMMQueryTrigger.h
