[35m[1mScanning dependencies of target _movement_primitives_generate_messages_check_deps_PrompTrainMsg[0m
[35m[1mScanning dependencies of target _movement_primitives_generate_messages_check_deps_TPHSMMQueryTrigger[0m
[35m[1mScanning dependencies of target std_msgs_generate_messages_nodejs[0m
[35m[1mScanning dependencies of target _movement_primitives_generate_messages_check_deps_PrompQueryTrigger[0m
[35m[1mScanning dependencies of target _movement_primitives_generate_messages_check_deps_PrompTrain[0m
[35m[1mScanning dependencies of target _movement_primitives_generate_messages_check_deps_RobotTraj[0m
[35m[1mScanning dependencies of target _movement_primitives_generate_messages_check_deps_TPHSMMTrainMsg[0m
[35m[1mScanning dependencies of target std_msgs_generate_messages_py[0m
[  0%] Built target std_msgs_generate_messages_nodejs
[  0%] Built target std_msgs_generate_messages_py
[35m[1mScanning dependencies of target std_msgs_generate_messages_cpp[0m
[35m[1mScanning dependencies of target std_msgs_generate_messages_eus[0m
[  0%] Built target std_msgs_generate_messages_cpp
[  0%] Built target std_msgs_generate_messages_eus
[35m[1mScanning dependencies of target std_msgs_generate_messages_lisp[0m
[  0%] Built target std_msgs_generate_messages_lisp
[  0%] Built target _movement_primitives_generate_messages_check_deps_PrompTrainMsg
[  0%] Built target _movement_primitives_generate_messages_check_deps_PrompQueryTrigger
[  0%] Built target _movement_primitives_generate_messages_check_deps_TPHSMMQueryTrigger
[  0%] Built target _movement_primitives_generate_messages_check_deps_PrompTrain
[  0%] Built target _movement_primitives_generate_messages_check_deps_TPHSMMTrainMsg
[  0%] Built target _movement_primitives_generate_messages_check_deps_RobotTraj
[35m[1mScanning dependencies of target movement_primitives_generate_messages_eus[0m
[35m[1mScanning dependencies of target movement_primitives_generate_messages_cpp[0m
[35m[1mScanning dependencies of target movement_primitives_generate_messages_nodejs[0m
[35m[1mScanning dependencies of target movement_primitives_generate_messages_py[0m
[35m[1mScanning dependencies of target movement_primitives_generate_messages_lisp[0m
[ 18%] [34m[1mGenerating Javascript code from movement_primitives/PrompTrainMsg.msg[0m
[ 18%] [34m[1mGenerating C++ code from movement_primitives/PrompQueryTrigger.msg[0m
[ 18%] [34m[1mGenerating C++ code from movement_primitives/PrompTrainMsg.msg[0m
[ 18%] [34m[1mGenerating EusLisp code from movement_primitives/PrompQueryTrigger.msg[0m
[ 18%] [34m[1mGenerating EusLisp code from movement_primitives/PrompTrainMsg.msg[0m
[ 18%] [34m[1mGenerating Javascript code from movement_primitives/PrompQueryTrigger.msg[0m
[ 21%] [34m[1mGenerating Python from MSG movement_primitives/PrompTrainMsg[0m
[ 24%] [34m[1mGenerating Lisp code from movement_primitives/PrompTrainMsg.msg[0m
[ 27%] [34m[1mGenerating Python from MSG movement_primitives/PrompQueryTrigger[0m
[ 30%] [34m[1mGenerating Lisp code from movement_primitives/PrompQueryTrigger.msg[0m
[ 33%] [34m[1mGenerating Javascript code from movement_primitives/RobotTraj.msg[0m
[ 36%] [34m[1mGenerating Python from MSG movement_primitives/RobotTraj[0m
[ 39%] [34m[1mGenerating EusLisp code from movement_primitives/RobotTraj.msg[0m
[ 42%] [34m[1mGenerating Lisp code from movement_primitives/RobotTraj.msg[0m
[ 45%] [34m[1mGenerating Javascript code from movement_primitives/TPHSMMTrainMsg.msg[0m
[ 48%] [34m[1mGenerating C++ code from movement_primitives/RobotTraj.msg[0m
[ 51%] [34m[1mGenerating Lisp code from movement_primitives/TPHSMMTrainMsg.msg[0m
[ 60%] [34m[1mGenerating Javascript code from movement_primitives/PrompTrain.srv[0m
[ 60%] [34m[1mGenerating Javascript code from movement_primitives/TPHSMMQueryTrigger.msg[0m
[ 60%] [34m[1mGenerating Lisp code from movement_primitives/TPHSMMQueryTrigger.msg[0m
[ 63%] [34m[1mGenerating EusLisp code from movement_primitives/TPHSMMTrainMsg.msg[0m
[ 69%] [34m[1mGenerating Python from MSG movement_primitives/TPHSMMQueryTrigger[0m
[ 69%] [34m[1mGenerating Python from MSG movement_primitives/TPHSMMTrainMsg[0m
[ 72%] [34m[1mGenerating EusLisp code from movement_primitives/TPHSMMQueryTrigger.msg[0m
[ 75%] [34m[1mGenerating Lisp code from movement_primitives/PrompTrain.srv[0m
[ 78%] [34m[1mGenerating C++ code from movement_primitives/TPHSMMTrainMsg.msg[0m
[ 81%] [34m[1mGenerating Python code from SRV movement_primitives/PrompTrain[0m
[ 81%] Built target movement_primitives_generate_messages_nodejs
[ 84%] [34m[1mGenerating EusLisp code from movement_primitives/PrompTrain.srv[0m
[ 87%] [34m[1mGenerating EusLisp manifest code for movement_primitives[0m
[ 87%] Built target movement_primitives_generate_messages_lisp
[ 90%] [34m[1mGenerating C++ code from movement_primitives/TPHSMMQueryTrigger.msg[0m
[ 93%] [34m[1mGenerating C++ code from movement_primitives/PrompTrain.srv[0m
[100%] [34m[1mGenerating Python msg __init__.py for movement_primitives[0m
[100%] [34m[1mGenerating Python srv __init__.py for movement_primitives[0m
[100%] Built target movement_primitives_generate_messages_cpp
[100%] Built target movement_primitives_generate_messages_py
[100%] Built target movement_primitives_generate_messages_eus
[35m[1mScanning dependencies of target movement_primitives_generate_messages[0m
[100%] Built target movement_primitives_generate_messages
